  Camera.cpp
c:\program files (x86)\microsoft directx sdk (june 2010)\include\xnamath.h(2662): warning C4838: conversion from 'unsigned int' to 'INT' requires a narrowing conversion
c:\program files (x86)\microsoft directx sdk (june 2010)\include\xnamath.h(2663): warning C4838: conversion from 'unsigned int' to 'INT' requires a narrowing conversion
c:\program files (x86)\microsoft directx sdk (june 2010)\include\xnamath.h(2664): warning C4838: conversion from 'unsigned int' to 'INT' requires a narrowing conversion
c:\program files (x86)\microsoft directx sdk (june 2010)\include\xnamath.h(2665): warning C4838: conversion from 'unsigned int' to 'INT' requires a narrowing conversion
c:\program files (x86)\microsoft directx sdk (june 2010)\include\xnamath.h(2666): warning C4838: conversion from 'unsigned int' to 'INT' requires a narrowing conversion
c:\program files (x86)\microsoft directx sdk (june 2010)\include\xnamath.h(2667): warning C4838: conversion from 'unsigned int' to 'INT' requires a narrowing conversion
c:\program files (x86)\microsoft directx sdk (june 2010)\include\xnamath.h(2668): warning C4838: conversion from 'unsigned int' to 'INT' requires a narrowing conversion
c:\program files (x86)\microsoft directx sdk (june 2010)\include\xnamath.h(2689): warning C4838: conversion from 'unsigned int' to 'INT' requires a narrowing conversion
c:\program files (x86)\microsoft directx sdk (june 2010)\include\xnamath.h(2690): warning C4838: conversion from 'unsigned int' to 'INT' requires a narrowing conversion
c:\program files (x86)\microsoft directx sdk (june 2010)\include\xnamath.h(2691): warning C4838: conversion from 'unsigned int' to 'INT' requires a narrowing conversion
c:\program files (x86)\microsoft directx sdk (june 2010)\include\xnamath.h(2694): warning C4838: conversion from 'unsigned int' to 'INT' requires a narrowing conversion
c:\program files (x86)\microsoft directx sdk (june 2010)\include\xnamath.h(2695): warning C4838: conversion from 'unsigned int' to 'INT' requires a narrowing conversion
c:\program files (x86)\microsoft directx sdk (june 2010)\include\xnamath.h(2698): warning C4838: conversion from 'unsigned int' to 'INT' requires a narrowing conversion
c:\program files (x86)\microsoft directx sdk (june 2010)\include\xnamath.h(2702): warning C4838: conversion from 'unsigned int' to 'INT' requires a narrowing conversion
c:\program files (x86)\microsoft directx sdk (june 2010)\include\xnamath.h(2712): warning C4838: conversion from 'unsigned int' to 'INT' requires a narrowing conversion
c:\program files (x86)\microsoft directx sdk (june 2010)\include\xnamath.h(2713): warning C4838: conversion from 'unsigned int' to 'INT' requires a narrowing conversion
c:\program files (x86)\microsoft directx sdk (june 2010)\include\xnamath.h(2715): warning C4838: conversion from 'unsigned int' to 'INT' requires a narrowing conversion
c:\program files (x86)\microsoft directx sdk (june 2010)\include\xnamath.h(2716): warning C4838: conversion from 'unsigned int' to 'INT' requires a narrowing conversion
c:\program files (x86)\microsoft directx sdk (june 2010)\include\xnamath.h(2717): warning C4838: conversion from 'unsigned int' to 'INT' requires a narrowing conversion
c:\program files (x86)\microsoft directx sdk (june 2010)\include\xnamath.h(2727): warning C4838: conversion from 'unsigned int' to 'INT' requires a narrowing conversion
c:\program files (x86)\microsoft directx sdk (june 2010)\include\xnamath.h(2728): warning C4838: conversion from 'unsigned int' to 'INT' requires a narrowing conversion
c:\program files (x86)\microsoft directx sdk (june 2010)\include\xnamath.h(2729): warning C4838: conversion from 'unsigned int' to 'INT' requires a narrowing conversion
c:\program files (x86)\microsoft directx sdk (june 2010)\include\xnamath.h(2730): warning C4838: conversion from 'unsigned int' to 'INT' requires a narrowing conversion
c:\program files (x86)\microsoft directx sdk (june 2010)\include\xnamath.h(2731): warning C4838: conversion from 'unsigned int' to 'INT' requires a narrowing conversion
c:\program files (x86)\microsoft directx sdk (june 2010)\include\xnamath.h(2732): warning C4838: conversion from 'unsigned int' to 'INT' requires a narrowing conversion
c:\program files (x86)\microsoft directx sdk (june 2010)\include\xnamath.h(2742): warning C4838: conversion from 'unsigned int' to 'INT' requires a narrowing conversion
c:\program files (x86)\microsoft directx sdk (june 2010)\include\xnamath.h(2743): warning C4838: conversion from 'unsigned int' to 'INT' requires a narrowing conversion
c:\program files (x86)\microsoft directx sdk (june 2010)\include\xnamath.h(2754): warning C4838: conversion from 'unsigned int' to 'INT' requires a narrowing conversion
c:\users\2portj82\downloads\agp-assignments\assignment 2\camera.cpp(15): warning C4244: '=': conversion from 'double' to 'FLOAT', possible loss of data
c:\users\2portj82\downloads\agp-assignments\assignment 2\camera.cpp(16): warning C4244: '=': conversion from 'double' to 'FLOAT', possible loss of data
c:\users\2portj82\downloads\agp-assignments\assignment 2\camera.cpp(36): warning C4244: '=': conversion from 'double' to 'FLOAT', possible loss of data
c:\users\2portj82\downloads\agp-assignments\assignment 2\camera.cpp(37): warning C4244: '=': conversion from 'double' to 'FLOAT', possible loss of data
c:\users\2portj82\downloads\agp-assignments\assignment 2\camera.cpp(38): warning C4244: '=': conversion from 'double' to 'FLOAT', possible loss of data
  Model.cpp
c:\program files (x86)\microsoft directx sdk (june 2010)\include\xnamath.h(2662): warning C4838: conversion from 'unsigned int' to 'INT' requires a narrowing conversion
c:\program files (x86)\microsoft directx sdk (june 2010)\include\xnamath.h(2663): warning C4838: conversion from 'unsigned int' to 'INT' requires a narrowing conversion
c:\program files (x86)\microsoft directx sdk (june 2010)\include\xnamath.h(2664): warning C4838: conversion from 'unsigned int' to 'INT' requires a narrowing conversion
c:\program files (x86)\microsoft directx sdk (june 2010)\include\xnamath.h(2665): warning C4838: conversion from 'unsigned int' to 'INT' requires a narrowing conversion
c:\program files (x86)\microsoft directx sdk (june 2010)\include\xnamath.h(2666): warning C4838: conversion from 'unsigned int' to 'INT' requires a narrowing conversion
c:\program files (x86)\microsoft directx sdk (june 2010)\include\xnamath.h(2667): warning C4838: conversion from 'unsigned int' to 'INT' requires a narrowing conversion
c:\program files (x86)\microsoft directx sdk (june 2010)\include\xnamath.h(2668): warning C4838: conversion from 'unsigned int' to 'INT' requires a narrowing conversion
c:\program files (x86)\microsoft directx sdk (june 2010)\include\xnamath.h(2689): warning C4838: conversion from 'unsigned int' to 'INT' requires a narrowing conversion
c:\program files (x86)\microsoft directx sdk (june 2010)\include\xnamath.h(2690): warning C4838: conversion from 'unsigned int' to 'INT' requires a narrowing conversion
c:\program files (x86)\microsoft directx sdk (june 2010)\include\xnamath.h(2691): warning C4838: conversion from 'unsigned int' to 'INT' requires a narrowing conversion
c:\program files (x86)\microsoft directx sdk (june 2010)\include\xnamath.h(2694): warning C4838: conversion from 'unsigned int' to 'INT' requires a narrowing conversion
c:\program files (x86)\microsoft directx sdk (june 2010)\include\xnamath.h(2695): warning C4838: conversion from 'unsigned int' to 'INT' requires a narrowing conversion
c:\program files (x86)\microsoft directx sdk (june 2010)\include\xnamath.h(2698): warning C4838: conversion from 'unsigned int' to 'INT' requires a narrowing conversion
c:\program files (x86)\microsoft directx sdk (june 2010)\include\xnamath.h(2702): warning C4838: conversion from 'unsigned int' to 'INT' requires a narrowing conversion
c:\program files (x86)\microsoft directx sdk (june 2010)\include\xnamath.h(2712): warning C4838: conversion from 'unsigned int' to 'INT' requires a narrowing conversion
c:\program files (x86)\microsoft directx sdk (june 2010)\include\xnamath.h(2713): warning C4838: conversion from 'unsigned int' to 'INT' requires a narrowing conversion
c:\program files (x86)\microsoft directx sdk (june 2010)\include\xnamath.h(2715): warning C4838: conversion from 'unsigned int' to 'INT' requires a narrowing conversion
c:\program files (x86)\microsoft directx sdk (june 2010)\include\xnamath.h(2716): warning C4838: conversion from 'unsigned int' to 'INT' requires a narrowing conversion
c:\program files (x86)\microsoft directx sdk (june 2010)\include\xnamath.h(2717): warning C4838: conversion from 'unsigned int' to 'INT' requires a narrowing conversion
c:\program files (x86)\microsoft directx sdk (june 2010)\include\xnamath.h(2727): warning C4838: conversion from 'unsigned int' to 'INT' requires a narrowing conversion
c:\program files (x86)\microsoft directx sdk (june 2010)\include\xnamath.h(2728): warning C4838: conversion from 'unsigned int' to 'INT' requires a narrowing conversion
c:\program files (x86)\microsoft directx sdk (june 2010)\include\xnamath.h(2729): warning C4838: conversion from 'unsigned int' to 'INT' requires a narrowing conversion
c:\program files (x86)\microsoft directx sdk (june 2010)\include\xnamath.h(2730): warning C4838: conversion from 'unsigned int' to 'INT' requires a narrowing conversion
c:\program files (x86)\microsoft directx sdk (june 2010)\include\xnamath.h(2731): warning C4838: conversion from 'unsigned int' to 'INT' requires a narrowing conversion
c:\program files (x86)\microsoft directx sdk (june 2010)\include\xnamath.h(2732): warning C4838: conversion from 'unsigned int' to 'INT' requires a narrowing conversion
c:\program files (x86)\microsoft directx sdk (june 2010)\include\xnamath.h(2742): warning C4838: conversion from 'unsigned int' to 'INT' requires a narrowing conversion
c:\program files (x86)\microsoft directx sdk (june 2010)\include\xnamath.h(2743): warning C4838: conversion from 'unsigned int' to 'INT' requires a narrowing conversion
c:\program files (x86)\microsoft directx sdk (june 2010)\include\xnamath.h(2754): warning C4838: conversion from 'unsigned int' to 'INT' requires a narrowing conversion
c:\users\2portj82\downloads\agp-assignments\assignment 2\model.cpp(14): error C2065: 'm_x': undeclared identifier
c:\users\2portj82\downloads\agp-assignments\assignment 2\model.cpp(15): error C2065: 'm_y': undeclared identifier
c:\users\2portj82\downloads\agp-assignments\assignment 2\model.cpp(16): error C2065: 'm_z': undeclared identifier
c:\users\2portj82\downloads\agp-assignments\assignment 2\model.cpp(17): error C2065: 'm_xAngle': undeclared identifier
c:\users\2portj82\downloads\agp-assignments\assignment 2\model.cpp(18): error C2065: 'm_yAngle': undeclared identifier
c:\users\2portj82\downloads\agp-assignments\assignment 2\model.cpp(19): error C2065: 'm_zAngle': undeclared identifier
c:\users\2portj82\downloads\agp-assignments\assignment 2\model.cpp(20): error C2679: binary '=': no operator found which takes a right-hand operand of type 'int' (or there is no acceptable conversion)
  c:\program files (x86)\microsoft directx sdk (june 2010)\include\xnamath.h(211): note: could be '__vector4 &__vector4::operator =(__vector4 &&)'
  c:\program files (x86)\microsoft directx sdk (june 2010)\include\xnamath.h(211): note: or       '__vector4 &__vector4::operator =(const __vector4 &)'
  c:\users\2portj82\downloads\agp-assignments\assignment 2\model.cpp(20): note: while trying to match the argument list '(XMVECTOR, int)'
c:\users\2portj82\downloads\agp-assignments\assignment 2\model.cpp(130): error C2664: 'XMMATRIX XMMatrixScaling(FLOAT,FLOAT,FLOAT)': cannot convert argument 1 from 'XMVECTOR' to 'FLOAT'
  c:\users\2portj82\downloads\agp-assignments\assignment 2\model.cpp(130): note: No user-defined-conversion operator available that can perform this conversion, or the operator cannot be called
c:\users\2portj82\downloads\agp-assignments\assignment 2\model.cpp(131): error C2065: 'm_xAngle': undeclared identifier
c:\users\2portj82\downloads\agp-assignments\assignment 2\model.cpp(132): error C2065: 'm_yAngle': undeclared identifier
c:\users\2portj82\downloads\agp-assignments\assignment 2\model.cpp(133): error C2065: 'm_zAngle': undeclared identifier
c:\users\2portj82\downloads\agp-assignments\assignment 2\model.cpp(134): error C2065: 'm_x': undeclared identifier
c:\users\2portj82\downloads\agp-assignments\assignment 2\model.cpp(134): error C2065: 'm_y': undeclared identifier
c:\users\2portj82\downloads\agp-assignments\assignment 2\model.cpp(134): error C2065: 'm_z': undeclared identifier
c:\users\2portj82\downloads\agp-assignments\assignment 2\model.cpp(169): error C2065: 'm_x': undeclared identifier
c:\users\2portj82\downloads\agp-assignments\assignment 2\model.cpp(170): error C2065: 'm_z': undeclared identifier
c:\users\2portj82\downloads\agp-assignments\assignment 2\model.cpp(171): error C2065: 'm_y': undeclared identifier
c:\users\2portj82\downloads\agp-assignments\assignment 2\model.cpp(172): error C2065: 'm_x': undeclared identifier
c:\users\2portj82\downloads\agp-assignments\assignment 2\model.cpp(172): error C2065: 'm_z': undeclared identifier
c:\users\2portj82\downloads\agp-assignments\assignment 2\model.cpp(173): error C2065: 'm_yAngle': undeclared identifier
c:\users\2portj82\downloads\agp-assignments\assignment 2\model.cpp(174): error C2065: 'm_xAngle': undeclared identifier
c:\users\2portj82\downloads\agp-assignments\assignment 2\model.cpp(175): error C2065: 'm_xAngle': undeclared identifier
c:\users\2portj82\downloads\agp-assignments\assignment 2\model.cpp(177): error C2065: 'm_xAngle': undeclared identifier
c:\users\2portj82\downloads\agp-assignments\assignment 2\model.cpp(179): error C2065: 'm_xAngle': undeclared identifier
c:\users\2portj82\downloads\agp-assignments\assignment 2\model.cpp(181): error C2065: 'm_xAngle': undeclared identifier
c:\users\2portj82\downloads\agp-assignments\assignment 2\model.cpp(187): error C2065: 'm_x': undeclared identifier
c:\users\2portj82\downloads\agp-assignments\assignment 2\model.cpp(187): error C2065: 'm_yAngle': undeclared identifier
c:\users\2portj82\downloads\agp-assignments\assignment 2\model.cpp(188): error C2065: 'm_y': undeclared identifier
c:\users\2portj82\downloads\agp-assignments\assignment 2\model.cpp(188): error C2065: 'm_xAngle': undeclared identifier
c:\users\2portj82\downloads\agp-assignments\assignment 2\model.cpp(189): error C2065: 'm_z': undeclared identifier
c:\users\2portj82\downloads\agp-assignments\assignment 2\model.cpp(189): error C2065: 'm_yAngle': undeclared identifier
c:\users\2portj82\downloads\agp-assignments\assignment 2\model.cpp(194): error C2065: 'm_bounding_sphere_centre_x': undeclared identifier
c:\users\2portj82\downloads\agp-assignments\assignment 2\model.cpp(195): error C2065: 'm_bounding_sphere_centre_y': undeclared identifier
c:\users\2portj82\downloads\agp-assignments\assignment 2\model.cpp(196): error C2065: 'm_bounding_sphere_centre_z': undeclared identifier
c:\users\2portj82\downloads\agp-assignments\assignment 2\model.cpp(204): warning C4018: '<': signed/unsigned mismatch
c:\users\2portj82\downloads\agp-assignments\assignment 2\model.cpp(237): error C2065: 'm_bounding_sphere_centre_x': undeclared identifier
c:\users\2portj82\downloads\agp-assignments\assignment 2\model.cpp(238): error C2065: 'm_bounding_sphere_centre_y': undeclared identifier
c:\users\2portj82\downloads\agp-assignments\assignment 2\model.cpp(239): error C2065: 'm_bounding_sphere_centre_z': undeclared identifier
c:\users\2portj82\downloads\agp-assignments\assignment 2\model.cpp(245): warning C4018: '<': signed/unsigned mismatch
c:\users\2portj82\downloads\agp-assignments\assignment 2\model.cpp(247): error C2065: 'm_bounding_sphere_centre_x': undeclared identifier
c:\users\2portj82\downloads\agp-assignments\assignment 2\model.cpp(248): error C2065: 'm_bounding_sphere_centre_y': undeclared identifier
c:\users\2portj82\downloads\agp-assignments\assignment 2\model.cpp(249): error C2065: 'm_bounding_sphere_centre_z': undeclared identifier
c:\users\2portj82\downloads\agp-assignments\assignment 2\model.cpp(286): error C2065: 'm_x': undeclared identifier
c:\users\2portj82\downloads\agp-assignments\assignment 2\model.cpp(291): error C2065: 'm_y': undeclared identifier
c:\users\2portj82\downloads\agp-assignments\assignment 2\model.cpp(296): error C2065: 'm_z': undeclared identifier
c:\users\2portj82\downloads\agp-assignments\assignment 2\model.cpp(301): error C2065: 'm_xAngle': undeclared identifier
c:\users\2portj82\downloads\agp-assignments\assignment 2\model.cpp(306): error C2065: 'm_yAngle': undeclared identifier
c:\users\2portj82\downloads\agp-assignments\assignment 2\model.cpp(311): error C2065: 'm_zAngle': undeclared identifier
c:\users\2portj82\downloads\agp-assignments\assignment 2\model.cpp(316): error C2440: 'return': cannot convert from 'XMVECTOR' to 'float'
  c:\users\2portj82\downloads\agp-assignments\assignment 2\model.cpp(316): note: No user-defined-conversion operator available that can perform this conversion, or the operator cannot be called
c:\users\2portj82\downloads\agp-assignments\assignment 2\model.cpp(322): error C2664: 'XMMATRIX XMMatrixScaling(FLOAT,FLOAT,FLOAT)': cannot convert argument 1 from 'XMVECTOR' to 'FLOAT'
  c:\users\2portj82\downloads\agp-assignments\assignment 2\model.cpp(322): note: No user-defined-conversion operator available that can perform this conversion, or the operator cannot be called
c:\users\2portj82\downloads\agp-assignments\assignment 2\model.cpp(323): error C2065: 'm_xAngle': undeclared identifier
c:\users\2portj82\downloads\agp-assignments\assignment 2\model.cpp(324): error C2065: 'm_yAngle': undeclared identifier
c:\users\2portj82\downloads\agp-assignments\assignment 2\model.cpp(325): error C2065: 'm_zAngle': undeclared identifier
c:\users\2portj82\downloads\agp-assignments\assignment 2\model.cpp(326): error C2065: 'm_x': undeclared identifier
c:\users\2portj82\downloads\agp-assignments\assignment 2\model.cpp(326): error C2065: 'm_y': undeclared identifier
c:\users\2portj82\downloads\agp-assignments\assignment 2\model.cpp(326): error C2065: 'm_z': undeclared identifier
c:\users\2portj82\downloads\agp-assignments\assignment 2\model.cpp(329): error C2065: 'm_bounding_sphere_centre_x': undeclared identifier
c:\users\2portj82\downloads\agp-assignments\assignment 2\model.cpp(329): error C2065: 'm_bounding_sphere_centre_y': undeclared identifier
c:\users\2portj82\downloads\agp-assignments\assignment 2\model.cpp(329): error C2065: 'm_bounding_sphere_centre_z': undeclared identifier
c:\users\2portj82\downloads\agp-assignments\assignment 2\model.cpp(337): error C2440: 'return': cannot convert from 'XMVECTOR' to 'float'
  c:\users\2portj82\downloads\agp-assignments\assignment 2\model.cpp(337): note: No user-defined-conversion operator available that can perform this conversion, or the operator cannot be called
c:\users\2portj82\downloads\agp-assignments\assignment 2\model.cpp(342): error C2065: 'm_x': undeclared identifier
c:\users\2portj82\downloads\agp-assignments\assignment 2\model.cpp(347): error C2065: 'm_y': undeclared identifier
c:\users\2portj82\downloads\agp-assignments\assignment 2\model.cpp(352): error C2065: 'm_z': undeclared identifier
c:\users\2portj82\downloads\agp-assignments\assignment 2\model.cpp(357): error C2065: 'm_xAngle': undeclared identifier
c:\users\2portj82\downloads\agp-assignments\assignment 2\model.cpp(362): error C2065: 'm_yAngle': undeclared identifier
c:\users\2portj82\downloads\agp-assignments\assignment 2\model.cpp(367): error C2065: 'm_zAngle': undeclared identifier
c:\users\2portj82\downloads\agp-assignments\assignment 2\model.cpp(372): error C2679: binary '=': no operator found which takes a right-hand operand of type 'float' (or there is no acceptable conversion)
  c:\program files (x86)\microsoft directx sdk (june 2010)\include\xnamath.h(211): note: could be '__vector4 &__vector4::operator =(__vector4 &&)'
  c:\program files (x86)\microsoft directx sdk (june 2010)\include\xnamath.h(211): note: or       '__vector4 &__vector4::operator =(const __vector4 &)'
  c:\users\2portj82\downloads\agp-assignments\assignment 2\model.cpp(372): note: while trying to match the argument list '(XMVECTOR, float)'
c:\users\2portj82\downloads\agp-assignments\assignment 2\model.cpp(388): error C2065: 'm_x': undeclared identifier
c:\users\2portj82\downloads\agp-assignments\assignment 2\model.cpp(393): error C2065: 'm_y': undeclared identifier
c:\users\2portj82\downloads\agp-assignments\assignment 2\model.cpp(398): error C2065: 'm_z': undeclared identifier
c:\users\2portj82\downloads\agp-assignments\assignment 2\model.cpp(403): error C2065: 'm_xAngle': undeclared identifier
c:\users\2portj82\downloads\agp-assignments\assignment 2\model.cpp(408): error C2065: 'm_yAngle': undeclared identifier
c:\users\2portj82\downloads\agp-assignments\assignment 2\model.cpp(413): error C2065: 'm_zAngle': undeclared identifier
c:\users\2portj82\downloads\agp-assignments\assignment 2\model.cpp(418): error C2679: binary '+=': no operator found which takes a right-hand operand of type 'float' (or there is no acceptable conversion)
  c:\program files (x86)\microsoft directx sdk (june 2010)\include\xnamathvector.inl(10901): note: could be 'XMVECTOR &operator +=(XMVECTOR &,FXMVECTOR)'
  c:\users\2portj82\downloads\agp-assignments\assignment 2\model.cpp(418): note: while trying to match the argument list '(XMVECTOR, float)'
  main.cpp
c:\program files (x86)\microsoft directx sdk (june 2010)\include\xnamath.h(2662): warning C4838: conversion from 'unsigned int' to 'INT' requires a narrowing conversion
c:\program files (x86)\microsoft directx sdk (june 2010)\include\xnamath.h(2663): warning C4838: conversion from 'unsigned int' to 'INT' requires a narrowing conversion
c:\program files (x86)\microsoft directx sdk (june 2010)\include\xnamath.h(2664): warning C4838: conversion from 'unsigned int' to 'INT' requires a narrowing conversion
c:\program files (x86)\microsoft directx sdk (june 2010)\include\xnamath.h(2665): warning C4838: conversion from 'unsigned int' to 'INT' requires a narrowing conversion
c:\program files (x86)\microsoft directx sdk (june 2010)\include\xnamath.h(2666): warning C4838: conversion from 'unsigned int' to 'INT' requires a narrowing conversion
c:\program files (x86)\microsoft directx sdk (june 2010)\include\xnamath.h(2667): warning C4838: conversion from 'unsigned int' to 'INT' requires a narrowing conversion
c:\program files (x86)\microsoft directx sdk (june 2010)\include\xnamath.h(2668): warning C4838: conversion from 'unsigned int' to 'INT' requires a narrowing conversion
c:\program files (x86)\microsoft directx sdk (june 2010)\include\xnamath.h(2689): warning C4838: conversion from 'unsigned int' to 'INT' requires a narrowing conversion
c:\program files (x86)\microsoft directx sdk (june 2010)\include\xnamath.h(2690): warning C4838: conversion from 'unsigned int' to 'INT' requires a narrowing conversion
c:\program files (x86)\microsoft directx sdk (june 2010)\include\xnamath.h(2691): warning C4838: conversion from 'unsigned int' to 'INT' requires a narrowing conversion
c:\program files (x86)\microsoft directx sdk (june 2010)\include\xnamath.h(2694): warning C4838: conversion from 'unsigned int' to 'INT' requires a narrowing conversion
c:\program files (x86)\microsoft directx sdk (june 2010)\include\xnamath.h(2695): warning C4838: conversion from 'unsigned int' to 'INT' requires a narrowing conversion
c:\program files (x86)\microsoft directx sdk (june 2010)\include\xnamath.h(2698): warning C4838: conversion from 'unsigned int' to 'INT' requires a narrowing conversion
c:\program files (x86)\microsoft directx sdk (june 2010)\include\xnamath.h(2702): warning C4838: conversion from 'unsigned int' to 'INT' requires a narrowing conversion
c:\program files (x86)\microsoft directx sdk (june 2010)\include\xnamath.h(2712): warning C4838: conversion from 'unsigned int' to 'INT' requires a narrowing conversion
c:\program files (x86)\microsoft directx sdk (june 2010)\include\xnamath.h(2713): warning C4838: conversion from 'unsigned int' to 'INT' requires a narrowing conversion
c:\program files (x86)\microsoft directx sdk (june 2010)\include\xnamath.h(2715): warning C4838: conversion from 'unsigned int' to 'INT' requires a narrowing conversion
c:\program files (x86)\microsoft directx sdk (june 2010)\include\xnamath.h(2716): warning C4838: conversion from 'unsigned int' to 'INT' requires a narrowing conversion
c:\program files (x86)\microsoft directx sdk (june 2010)\include\xnamath.h(2717): warning C4838: conversion from 'unsigned int' to 'INT' requires a narrowing conversion
c:\program files (x86)\microsoft directx sdk (june 2010)\include\xnamath.h(2727): warning C4838: conversion from 'unsigned int' to 'INT' requires a narrowing conversion
c:\program files (x86)\microsoft directx sdk (june 2010)\include\xnamath.h(2728): warning C4838: conversion from 'unsigned int' to 'INT' requires a narrowing conversion
c:\program files (x86)\microsoft directx sdk (june 2010)\include\xnamath.h(2729): warning C4838: conversion from 'unsigned int' to 'INT' requires a narrowing conversion
c:\program files (x86)\microsoft directx sdk (june 2010)\include\xnamath.h(2730): warning C4838: conversion from 'unsigned int' to 'INT' requires a narrowing conversion
c:\program files (x86)\microsoft directx sdk (june 2010)\include\xnamath.h(2731): warning C4838: conversion from 'unsigned int' to 'INT' requires a narrowing conversion
c:\program files (x86)\microsoft directx sdk (june 2010)\include\xnamath.h(2732): warning C4838: conversion from 'unsigned int' to 'INT' requires a narrowing conversion
c:\program files (x86)\microsoft directx sdk (june 2010)\include\xnamath.h(2742): warning C4838: conversion from 'unsigned int' to 'INT' requires a narrowing conversion
c:\program files (x86)\microsoft directx sdk (june 2010)\include\xnamath.h(2743): warning C4838: conversion from 'unsigned int' to 'INT' requires a narrowing conversion
c:\program files (x86)\microsoft directx sdk (june 2010)\include\xnamath.h(2754): warning C4838: conversion from 'unsigned int' to 'INT' requires a narrowing conversion
  c:\program files (x86)\windows kits\10\include\10.0.17134.0\um\dinput.h: DIRECTINPUT_VERSION undefined. Defaulting to version 0x0800
c:\users\2portj82\downloads\agp-assignments\assignment 2\main.cpp(86): warning C4244: 'argument': conversion from 'float' to 'int', possible loss of data
c:\users\2portj82\downloads\agp-assignments\assignment 2\main.cpp(148): warning C4838: conversion from 'float' to 'LONG' requires a narrowing conversion
c:\users\2portj82\downloads\agp-assignments\assignment 2\main.cpp(148): warning C4244: 'initializing': conversion from 'float' to 'LONG', possible loss of data
c:\users\2portj82\downloads\agp-assignments\assignment 2\main.cpp(459): warning C4305: 'argument': truncation from 'double' to 'FLOAT'
  Generating Code...
