f:\github\agp-assignments\assignment 2\jack porter assessment 2\x64\debug\vc141.pdb
f:\github\agp-assignments\assignment 2\jack porter assessment 2\x64\debug\vc141.idb
f:\github\agp-assignments\assignment 2\jack porter assessment 2\x64\debug\camera.obj
f:\github\agp-assignments\assignment 2\jack porter assessment 2\x64\debug\component.obj
f:\github\agp-assignments\assignment 2\jack porter assessment 2\x64\debug\gameobject.obj
f:\github\agp-assignments\assignment 2\jack porter assessment 2\x64\debug\input.obj
f:\github\agp-assignments\assignment 2\jack porter assessment 2\x64\debug\main.obj
f:\github\agp-assignments\assignment 2\jack porter assessment 2\x64\debug\model.obj
f:\github\agp-assignments\assignment 2\jack porter assessment 2\x64\debug\modelmanager.obj
f:\github\agp-assignments\assignment 2\jack porter assessment 2\x64\debug\objfilemodel.obj
f:\github\agp-assignments\assignment 2\jack porter assessment 2\x64\debug\particlesystem.obj
f:\github\agp-assignments\assignment 2\jack porter assessment 2\x64\debug\physics.obj
f:\github\agp-assignments\assignment 2\jack porter assessment 2\x64\debug\player.obj
f:\github\agp-assignments\assignment 2\jack porter assessment 2\x64\debug\skybox.obj
f:\github\agp-assignments\assignment 2\jack porter assessment 2\x64\debug\text2d.obj
f:\github\agp-assignments\assignment 2\jack porter assessment 2\x64\debug\time.obj
f:\github\agp-assignments\assignment 2\jack porter assessment 2\x64\debug\model_shaders.cso
f:\github\agp-assignments\assignment 2\jack porter assessment 2\x64\debug\particle_shader.cso
f:\github\agp-assignments\assignment 2\jack porter assessment 2\x64\debug\sky_shader.cso
f:\github\agp-assignments\assignment 2\jack porter assessment 2\x64\debug\text2d_shaders.cso
f:\github\agp-assignments\assignment 2\jack porter assessment 2\x64\debug\jack porter assessment 2.pdb
f:\github\agp-assignments\assignment 2\jack porter assessment 2\x64\debug\jack por.64621dad.tlog\cl.command.1.tlog
f:\github\agp-assignments\assignment 2\jack porter assessment 2\x64\debug\jack por.64621dad.tlog\cl.read.1.tlog
f:\github\agp-assignments\assignment 2\jack porter assessment 2\x64\debug\jack por.64621dad.tlog\cl.write.1.tlog
f:\github\agp-assignments\assignment 2\jack porter assessment 2\x64\debug\jack por.64621dad.tlog\jack porter assessment 2.write.1u.tlog
f:\github\agp-assignments\assignment 2\jack porter assessment 2\x64\debug\jack por.64621dad.tlog\link-cvtres.read.1.tlog
f:\github\agp-assignments\assignment 2\jack porter assessment 2\x64\debug\jack por.64621dad.tlog\link-cvtres.write.1.tlog
f:\github\agp-assignments\assignment 2\jack porter assessment 2\x64\debug\jack por.64621dad.tlog\link-rc.read.1.tlog
f:\github\agp-assignments\assignment 2\jack porter assessment 2\x64\debug\jack por.64621dad.tlog\link-rc.write.1.tlog
f:\github\agp-assignments\assignment 2\jack porter assessment 2\x64\debug\jack por.64621dad.tlog\link.command.1.tlog
f:\github\agp-assignments\assignment 2\jack porter assessment 2\x64\debug\jack por.64621dad.tlog\link.read.1.tlog
f:\github\agp-assignments\assignment 2\jack porter assessment 2\x64\debug\jack por.64621dad.tlog\link.write.1.tlog
